2026-05-13 15:22:38,365  INFO      Pipeline starting — topic: thermodynamics
2026-05-13 15:22:38,366  INFO      Phase 1: generating chapter outline …
2026-05-13 15:22:39,829  INFO        3 chapters
2026-05-13 15:22:39,829  INFO      Phase 1.1: generating section names …
2026-05-13 15:22:40,936  INFO        Chapter 1: 3 sections
2026-05-13 15:22:42,159  INFO        Chapter 2: 3 sections
2026-05-13 15:22:43,574  INFO        Chapter 3: 3 sections
2026-05-13 15:22:43,575  INFO      Phase 2: generating subsection names …
2026-05-13 15:22:47,679  INFO          Section 1.1: 3 subsections
2026-05-13 15:22:53,322  WARNING     Attempt 1 failed: Section '1.2' has 5 subsections — maximum allowed is 3. Reduce to between 1 and 3 subsections. — retrying with feedback
2026-05-13 15:22:56,581  INFO          Retry 1 succeeded
2026-05-13 15:22:56,584  INFO          Section 1.2: 3 subsections
2026-05-13 15:22:59,457  INFO          Section 1.3: 3 subsections
2026-05-13 15:22:59,459  INFO        Chapter 1: 9 subsections total
2026-05-13 15:23:02,334  INFO          Section 2.1: 3 subsections
2026-05-13 15:23:05,098  INFO          Section 2.2: 3 subsections
2026-05-13 15:23:08,403  INFO          Section 2.3: 3 subsections
2026-05-13 15:23:08,405  INFO        Chapter 2: 9 subsections total
2026-05-13 15:23:11,549  INFO          Section 3.1: 3 subsections
2026-05-13 15:23:15,400  INFO          Section 3.2: 3 subsections
2026-05-13 15:23:18,565  INFO          Section 3.3: 3 subsections
2026-05-13 15:23:18,567  INFO        Chapter 3: 9 subsections total
2026-05-13 15:23:18,567  INFO      Skeleton complete → /Users/adityamanjunatha/Desktop/Synthetic-Textbook-Generation/outputs/skeleton.json
2026-05-13 15:23:18,568  INFO      
============================================================
2026-05-13 15:23:18,568  INFO      [1/27] Subsection 1.1.1: Classification of Thermodynamic Systems and State Variables
2026-05-13 15:23:18,569  INFO      ============================================================
2026-05-13 15:23:18,569  INFO        Turn 1 — teacher retrieval request
2026-05-13 15:23:19,429  INFO          Requested summaries:         []
2026-05-13 15:23:19,429  INFO          Requested concept sections:  []
2026-05-13 15:23:19,430  INFO        Turn 2a — teacher CoT outline
2026-05-13 15:23:29,681  INFO        Turn 3a — auditor outline review
2026-05-13 15:23:40,321  INFO        Turn 2b — teacher content generation
2026-05-13 15:23:53,497  INFO          Content written → 1.1.1.md
2026-05-13 15:23:53,498  INFO        Turn 3b — auditor STM + summary file
2026-05-13 15:24:10,125  INFO          Summary written → 1.1.1.txt
2026-05-13 15:24:10,127  INFO        Turn 3c — auditor registry + concept index delta
2026-05-13 15:24:33,884  INFO      Subsection 1.1.1 complete.
2026-05-13 15:24:33,885  INFO      
============================================================
2026-05-13 15:24:33,885  INFO      [2/27] Subsection 1.1.2: Worked Example: Determining Degrees of Freedom and State Variable Independence
2026-05-13 15:24:33,885  INFO      ============================================================
2026-05-13 15:24:33,886  INFO        Turn 1 — teacher retrieval request
2026-05-13 15:24:35,206  INFO          Requested summaries:         []
2026-05-13 15:24:35,207  INFO          Requested concept sections:  []
2026-05-13 15:24:35,207  INFO        Turn 2a — teacher CoT outline
2026-05-13 15:24:46,986  INFO        Turn 3a — auditor outline review
2026-05-13 15:24:59,304  INFO        Turn 2b — teacher content generation
2026-05-13 15:25:11,866  INFO          Content written → 1.1.2.md
2026-05-13 15:25:11,867  INFO        Turn 3b — auditor STM + summary file
2026-05-13 15:25:27,329  INFO          Summary written → 1.1.2.txt
2026-05-13 15:25:27,331  INFO        Turn 3c — auditor registry + concept index delta
2026-05-13 15:25:35,243  INFO      Subsection 1.1.2 complete.
2026-05-13 15:25:35,244  INFO      
============================================================
2026-05-13 15:25:35,245  INFO      [3/27] Subsection 1.1.3: Equations of State from Ideal Gas to Van der Waals and Virial Expansions
2026-05-13 15:25:35,245  INFO      ============================================================
2026-05-13 15:25:35,245  INFO        Turn 1 — teacher retrieval request
2026-05-13 15:25:36,825  INFO          Requested summaries:         ['1.1.1']
2026-05-13 15:25:36,825  INFO          Requested concept sections:  []
2026-05-13 15:25:36,826  INFO        Turn 2a — teacher CoT outline
2026-05-13 15:25:50,811  INFO        Turn 3a — auditor outline review
2026-05-13 15:26:04,534  INFO        Turn 2b — teacher content generation
2026-05-13 15:26:26,468  INFO          Content written → 1.1.3.md
2026-05-13 15:26:26,469  INFO        Turn 3b — auditor STM + summary file
2026-05-13 15:26:47,904  INFO          Summary written → 1.1.3.txt
2026-05-13 15:26:47,907  INFO        Turn 3c — auditor registry + concept index delta
2026-05-13 15:26:56,861  INFO      Subsection 1.1.3 complete.
2026-05-13 15:26:56,862  INFO      
============================================================
2026-05-13 15:26:56,863  INFO      [4/27] Subsection 1.2.1: Work, Heat, and the Formal Statement of the First Law
2026-05-13 15:26:56,863  INFO      ============================================================
2026-05-13 15:26:56,863  INFO        Turn 1 — teacher retrieval request
2026-05-13 15:26:58,492  INFO          Requested summaries:         ['1.1.1']
2026-05-13 15:26:58,492  INFO          Requested concept sections:  []
2026-05-13 15:26:58,493  INFO        Turn 2a — teacher CoT outline
2026-05-13 15:27:11,717  INFO        Turn 3a — auditor outline review
2026-05-13 15:27:27,119  INFO        Turn 2b — teacher content generation
2026-05-13 15:27:42,218  INFO          Content written → 1.2.1.md
2026-05-13 15:27:42,219  INFO        Turn 3b — auditor STM + summary file
2026-05-13 15:27:55,839  INFO          Summary written → 1.2.1.txt
2026-05-13 15:27:55,842  INFO        Turn 3c — auditor registry + concept index delta
2026-05-13 15:28:09,155  WARNING   apply_delta: no <<SYMBOL>> entries found in delta
2026-05-13 15:28:09,156  WARNING   apply_delta: no <<CONCEPT>> entries found in delta
2026-05-13 15:28:09,157  INFO      Subsection 1.2.1 complete.
2026-05-13 15:28:09,157  INFO      
============================================================
2026-05-13 15:28:09,158  INFO      [5/27] Subsection 1.2.2: Worked Example: Energy Balance in a Non-Quasistatic Compression Process
2026-05-13 15:28:09,158  INFO      ============================================================
2026-05-13 15:28:09,158  INFO        Turn 1 — teacher retrieval request
2026-05-13 15:28:10,581  INFO          Requested summaries:         ['1.1.3']
2026-05-13 15:28:10,582  INFO          Requested concept sections:  []
2026-05-13 15:28:10,582  INFO        Turn 2a — teacher CoT outline
2026-05-13 15:28:23,996  INFO        Turn 3a — auditor outline review
2026-05-13 15:28:39,354  INFO        Turn 2b — teacher content generation
2026-05-13 15:28:51,852  INFO          Content written → 1.2.2.md
2026-05-13 15:28:51,852  INFO        Turn 3b — auditor STM + summary file
2026-05-13 15:29:05,457  INFO          Summary written → 1.2.2.txt
2026-05-13 15:29:05,459  INFO        Turn 3c — auditor registry + concept index delta
2026-05-13 15:29:22,604  INFO      Subsection 1.2.2 complete.
2026-05-13 15:29:22,604  INFO      
============================================================
2026-05-13 15:29:22,605  INFO      [6/27] Subsection 1.2.3: Exercise: Deriving the First Law for a System with Variable Mass Flow
2026-05-13 15:29:22,605  INFO      ============================================================
2026-05-13 15:29:22,605  INFO        Turn 1 — teacher retrieval request
2026-05-13 15:29:24,067  INFO          Requested summaries:         ['1.2.1']
2026-05-13 15:29:24,068  INFO          Requested concept sections:  []
2026-05-13 15:29:24,069  INFO        Turn 2a — teacher CoT outline
2026-05-13 15:29:38,257  INFO        Turn 3a — auditor outline review
2026-05-13 15:29:54,017  INFO        Turn 2b — teacher content generation
2026-05-13 15:30:15,982  INFO          Content written → 1.2.3.md
2026-05-13 15:30:15,984  INFO        Turn 3b — auditor STM + summary file
2026-05-13 15:30:34,860  INFO          Summary written → 1.2.3.txt
2026-05-13 15:30:34,861  INFO        Turn 3c — auditor registry + concept index delta
2026-05-13 15:30:53,250  INFO      Subsection 1.2.3 complete.
2026-05-13 15:30:53,251  INFO      
============================================================
2026-05-13 15:30:53,251  INFO      [7/27] Subsection 1.3.1: Internal Energy and Heat Capacities of Ideal Gases
2026-05-13 15:30:53,252  INFO      ============================================================
2026-05-13 15:30:53,252  INFO        Turn 1 — teacher retrieval request
2026-05-13 15:30:55,239  INFO          Requested summaries:         ['1.1.3', '1.2.1']
2026-05-13 15:30:55,240  INFO          Requested concept sections:  []
2026-05-13 15:30:55,240  INFO        Turn 2a — teacher CoT outline
2026-05-13 15:31:10,383  INFO        Turn 3a — auditor outline review
2026-05-13 15:31:26,612  INFO        Turn 2b — teacher content generation
2026-05-13 15:31:42,526  INFO          Content written → 1.3.1.md
2026-05-13 15:31:42,527  INFO        Turn 3b — auditor STM + summary file
2026-05-13 15:31:58,107  INFO          Summary written → 1.3.1.txt
2026-05-13 15:31:58,108  INFO        Turn 3c — auditor registry + concept index delta
2026-05-13 15:32:13,781  INFO      Subsection 1.3.1 complete.
2026-05-13 15:32:13,783  INFO      
============================================================
2026-05-13 15:32:13,783  INFO      [8/27] Subsection 1.3.2: Worked Example: Calculating Molar Heat Capacities for a Diatomic Gas with Rotational Freezing
2026-05-13 15:32:13,783  INFO      ============================================================
2026-05-13 15:32:13,784  INFO        Turn 1 — teacher retrieval request
2026-05-13 15:32:14,697  INFO          Requested summaries:         []
2026-05-13 15:32:14,697  INFO          Requested concept sections:  []
2026-05-13 15:32:14,698  INFO        Turn 2a — teacher CoT outline
2026-05-13 15:32:29,103  INFO        Turn 3a — auditor outline review
2026-05-13 15:32:45,375  INFO        Turn 2b — teacher content generation
2026-05-13 15:33:06,039  INFO          Content written → 1.3.2.md
2026-05-13 15:33:06,039  INFO        Turn 3b — auditor STM + summary file
2026-05-13 15:33:23,185  INFO          Summary written → 1.3.2.txt
2026-05-13 15:33:23,186  INFO        Turn 3c — auditor registry + concept index delta
2026-05-13 15:33:34,317  INFO      Subsection 1.3.2 complete.
2026-05-13 15:33:34,318  INFO      
============================================================
2026-05-13 15:33:34,318  INFO      [9/27] Subsection 1.3.3: Internal Energy and Heat Capacities of Real Gases via the Joule-Thomson Effect
2026-05-13 15:33:34,318  INFO      ============================================================
2026-05-13 15:33:34,319  INFO        Turn 1 — teacher retrieval request
2026-05-13 15:33:37,746  INFO          Requested summaries:         ['1.1.3', '1.3.1']
2026-05-13 15:33:37,746  INFO          Requested concept sections:  ['1.2']
2026-05-13 15:33:37,747  INFO        Turn 2a — teacher CoT outline
2026-05-13 15:33:50,542  INFO        Turn 3a — auditor outline review
2026-05-13 15:34:05,537  INFO        Turn 2b — teacher content generation
2026-05-13 15:34:37,332  INFO          Content written → 1.3.3.md
2026-05-13 15:34:37,333  INFO        Turn 3b — auditor STM + summary file
2026-05-13 15:34:54,054  INFO          Summary written → 1.3.3.txt
2026-05-13 15:34:54,056  INFO        Turn 3c — auditor registry + concept index delta
2026-05-13 15:35:06,641  INFO      Subsection 1.3.3 complete.
2026-05-13 15:35:06,643  INFO      
============================================================
2026-05-13 15:35:06,643  INFO      [10/27] Subsection 2.1.1: Thermodynamic Definition of Entropy and the Clausius Inequality
2026-05-13 15:35:06,644  INFO      ============================================================
2026-05-13 15:35:06,644  INFO        Turn 1 — teacher retrieval request
2026-05-13 15:35:08,892  INFO          Requested summaries:         ['1.2.1']
2026-05-13 15:35:08,892  INFO          Requested concept sections:  ['1.2']
2026-05-13 15:35:08,893  INFO        Turn 2a — teacher CoT outline
2026-05-13 15:35:20,084  INFO        Turn 3a — auditor outline review
2026-05-13 15:35:31,710  INFO        Turn 2b — teacher content generation
2026-05-13 15:35:50,455  INFO          Content written → 2.1.1.md
2026-05-13 15:35:50,455  INFO        Turn 3b — auditor STM + summary file
2026-05-13 15:36:01,820  INFO          Summary written → 2.1.1.txt
2026-05-13 15:36:01,822  INFO        Turn 3c — auditor registry + concept index delta
2026-05-13 15:36:08,642  WARNING   apply_delta: no <<SYMBOL>> entries found in delta
2026-05-13 15:36:08,644  WARNING   apply_delta: no <<CONCEPT>> entries found in delta
2026-05-13 15:36:08,644  INFO      Subsection 2.1.1 complete.
2026-05-13 15:36:08,645  INFO      
============================================================
2026-05-13 15:36:08,645  INFO      [11/27] Subsection 2.1.2: Worked Example: Entropy Change in an Irreversible Free Expansion of an Ideal Gas
2026-05-13 15:36:08,645  INFO      ============================================================
2026-05-13 15:36:08,645  INFO        Turn 1 — teacher retrieval request
2026-05-13 15:36:10,724  INFO          Requested summaries:         ['1.1.3', '1.3.1']
2026-05-13 15:36:10,725  INFO          Requested concept sections:  []
2026-05-13 15:36:10,725  INFO        Turn 2a — teacher CoT outline
2026-05-13 15:36:26,492  INFO        Turn 3a — auditor outline review
2026-05-13 15:36:42,202  INFO        Turn 2b — teacher content generation
2026-05-13 15:36:55,269  INFO          Content written → 2.1.2.md
2026-05-13 15:36:55,269  INFO        Turn 3b — auditor STM + summary file
2026-05-13 15:37:06,438  INFO          Summary written → 2.1.2.txt
2026-05-13 15:37:06,439  INFO        Turn 3c — auditor registry + concept index delta
2026-05-13 15:37:16,462  WARNING   apply_delta: no <<SYMBOL>> entries found in delta
2026-05-13 15:37:16,463  WARNING   apply_delta: no <<CONCEPT>> entries found in delta
2026-05-13 15:37:16,464  INFO      Subsection 2.1.2 complete.
2026-05-13 15:37:16,464  INFO      
============================================================
2026-05-13 15:37:16,464  INFO      [12/27] Subsection 2.1.3: Exercise: Proving the Principle of Maximum Entropy for an Isolated System
2026-05-13 15:37:16,464  INFO      ============================================================
2026-05-13 15:37:16,465  INFO        Turn 1 — teacher retrieval request
2026-05-13 15:37:18,089  INFO          Requested summaries:         ['2.1.1']
2026-05-13 15:37:18,090  INFO          Requested concept sections:  []
2026-05-13 15:37:18,090  INFO        Turn 2a — teacher CoT outline
2026-05-13 15:37:27,738  INFO        Turn 3a — auditor outline review
2026-05-13 15:37:38,479  INFO        Turn 2b — teacher content generation
2026-05-13 15:37:48,309  INFO          Content written → 2.1.3.md
2026-05-13 15:37:48,310  INFO        Turn 3b — auditor STM + summary file
2026-05-13 15:37:56,910  INFO          Summary written → 2.1.3.txt
2026-05-13 15:37:56,912  INFO        Turn 3c — auditor registry + concept index delta
2026-05-13 15:38:04,698  WARNING   apply_delta: no <<CONCEPT>> entries found in delta
2026-05-13 15:38:04,699  INFO      Subsection 2.1.3 complete.
2026-05-13 15:38:04,700  INFO      
============================================================
2026-05-13 15:38:04,700  INFO      [13/27] Subsection 2.2.1: Construction of Thermodynamic Potentials and the Legendre Transform
2026-05-13 15:38:04,700  INFO      ============================================================
2026-05-13 15:38:04,701  INFO        Turn 1 — teacher retrieval request
2026-05-13 15:38:07,153  WARNING   Concept file is empty for section 2.1
2026-05-13 15:38:07,154  INFO          Requested summaries:         ['1.2.1']
2026-05-13 15:38:07,154  INFO          Requested concept sections:  ['2.1']
2026-05-13 15:38:07,154  INFO        Turn 2a — teacher CoT outline
2026-05-13 15:38:21,084  INFO        Turn 3a — auditor outline review
2026-05-13 15:38:35,102  INFO        Turn 2b — teacher content generation
2026-05-13 15:39:00,655  INFO          Content written → 2.2.1.md
2026-05-13 15:39:00,656  INFO        Turn 3b — auditor STM + summary file
2026-05-13 15:39:20,059  INFO          Summary written → 2.2.1.txt
2026-05-13 15:39:20,061  INFO        Turn 3c — auditor registry + concept index delta
2026-05-13 15:39:32,818  INFO      Subsection 2.2.1 complete.
2026-05-13 15:39:32,819  INFO      
============================================================
2026-05-13 15:39:32,819  INFO      [14/27] Subsection 2.2.2: Derivation of the Maxwell Relations from Exact Differentials
2026-05-13 15:39:32,820  INFO      ============================================================
2026-05-13 15:39:32,820  INFO        Turn 1 — teacher retrieval request
2026-05-13 15:39:34,081  INFO          Requested summaries:         []
2026-05-13 15:39:34,081  INFO          Requested concept sections:  []
2026-05-13 15:39:34,081  INFO        Turn 2a — teacher CoT outline
2026-05-13 15:39:47,908  INFO        Turn 3a — auditor outline review
2026-05-13 15:40:00,376  INFO        Turn 2b — teacher content generation
2026-05-13 15:40:17,398  INFO          Content written → 2.2.2.md
2026-05-13 15:40:17,399  INFO        Turn 3b — auditor STM + summary file
2026-05-13 15:40:29,221  INFO          Summary written → 2.2.2.txt
2026-05-13 15:40:29,222  INFO        Turn 3c — auditor registry + concept index delta
2026-05-13 15:40:31,530  WARNING   apply_delta: no <<CONCEPT>> entries found in delta
2026-05-13 15:40:31,530  INFO      Subsection 2.2.2 complete.
2026-05-13 15:40:31,531  INFO      
============================================================
2026-05-13 15:40:31,531  INFO      [15/27] Subsection 2.2.3: Worked Example: Using Maxwell Relations to Express the Internal Pressure in Terms of Measurable Quantities
2026-05-13 15:40:31,531  INFO      ============================================================
2026-05-13 15:40:31,533  INFO        Turn 1 — teacher retrieval request
2026-05-13 15:40:33,393  INFO          Requested summaries:         ['2.2.1']
2026-05-13 15:40:33,393  INFO          Requested concept sections:  []
2026-05-13 15:40:33,393  INFO        Turn 2a — teacher CoT outline
2026-05-13 15:40:44,798  INFO        Turn 3a — auditor outline review
2026-05-13 15:40:58,462  INFO        Turn 2b — teacher content generation
2026-05-13 15:41:11,837  INFO          Content written → 2.2.3.md
2026-05-13 15:41:11,837  INFO        Turn 3b — auditor STM + summary file
2026-05-13 15:41:21,908  INFO          Summary written → 2.2.3.txt
2026-05-13 15:41:21,910  INFO        Turn 3c — auditor registry + concept index delta
2026-05-13 15:41:26,459  INFO      Subsection 2.2.3 complete.
2026-05-13 15:41:26,461  INFO      
============================================================
2026-05-13 15:41:26,461  INFO      [16/27] Subsection 2.3.1: Thermodynamic Interpretation of Helmholtz and Gibbs Free Energies
2026-05-13 15:41:26,461  INFO      ============================================================
2026-05-13 15:41:26,462  INFO        Turn 1 — teacher retrieval request
2026-05-13 15:41:28,872  WARNING   Concept file is empty for section 2.1
2026-05-13 15:41:28,873  INFO          Requested summaries:         ['2.2.1']
2026-05-13 15:41:28,879  INFO          Requested concept sections:  ['2.1']
2026-05-13 15:41:28,880  INFO        Turn 2a — teacher CoT outline
2026-05-13 15:41:42,605  INFO        Turn 3a — auditor outline review
2026-05-13 15:41:57,427  INFO        Turn 2b — teacher content generation
2026-05-13 15:42:17,180  INFO          Content written → 2.3.1.md
2026-05-13 15:42:17,181  INFO        Turn 3b — auditor STM + summary file
2026-05-13 15:42:31,860  INFO          Summary written → 2.3.1.txt
2026-05-13 15:42:31,862  INFO        Turn 3c — auditor registry + concept index delta
2026-05-13 15:42:43,134  INFO      Subsection 2.3.1 complete.
2026-05-13 15:42:43,135  INFO      
============================================================
2026-05-13 15:42:43,135  INFO      [17/27] Subsection 2.3.2: Worked Example: Determining the Spontaneity of a Chemical Reaction at Constant Pressure and Temperature
2026-05-13 15:42:43,135  INFO      ============================================================
2026-05-13 15:42:43,136  INFO        Turn 1 — teacher retrieval request
2026-05-13 15:42:44,037  INFO          Requested summaries:         []
2026-05-13 15:42:44,038  INFO          Requested concept sections:  []
2026-05-13 15:42:44,038  INFO        Turn 2a — teacher CoT outline
2026-05-13 15:42:55,026  INFO        Turn 3a — auditor outline review
2026-05-13 15:43:06,393  INFO        Turn 2b — teacher content generation
2026-05-13 15:43:28,722  INFO          Content written → 2.3.2.md
2026-05-13 15:43:28,722  INFO        Turn 3b — auditor STM + summary file
2026-05-13 15:43:46,740  INFO          Summary written → 2.3.2.txt
2026-05-13 15:43:46,742  INFO        Turn 3c — auditor registry + concept index delta
2026-05-13 15:44:00,413  INFO      Subsection 2.3.2 complete.
2026-05-13 15:44:00,414  INFO      
============================================================
2026-05-13 15:44:00,414  INFO      [18/27] Subsection 2.3.3: Exercise: Deriving the Gibbs-Helmholtz Equation and its Application to Temperature Dependence of Equilibrium Constants
2026-05-13 15:44:00,414  INFO      ============================================================
2026-05-13 15:44:00,414  INFO        Turn 1 — teacher retrieval request
2026-05-13 15:44:02,710  WARNING   _parse_retrieval_request: could not parse JSON — returning empty
2026-05-13 15:44:02,711  INFO          Requested summaries:         []
2026-05-13 15:44:02,711  INFO          Requested concept sections:  []
2026-05-13 15:44:02,712  INFO        Turn 2a — teacher CoT outline
2026-05-13 15:44:15,207  INFO        Turn 3a — auditor outline review
2026-05-13 15:44:29,770  INFO        Turn 2b — teacher content generation
2026-05-13 15:44:53,176  INFO          Content written → 2.3.3.md
2026-05-13 15:44:53,176  INFO        Turn 3b — auditor STM + summary file
2026-05-13 15:45:07,327  INFO          Summary written → 2.3.3.txt
2026-05-13 15:45:07,329  INFO        Turn 3c — auditor registry + concept index delta
2026-05-13 15:45:12,344  INFO      Subsection 2.3.3 complete.
2026-05-13 15:45:12,346  INFO      
============================================================
2026-05-13 15:45:12,346  INFO      [19/27] Subsection 3.1.1: Definition and Thermodynamic Origin of the Chemical Potential
2026-05-13 15:45:12,346  INFO      ============================================================
2026-05-13 15:45:12,347  INFO        Turn 1 — teacher retrieval request
2026-05-13 15:45:16,029  WARNING   _parse_retrieval_request: could not parse JSON — returning empty
2026-05-13 15:45:16,030  INFO          Requested summaries:         []
2026-05-13 15:45:16,030  INFO          Requested concept sections:  []
2026-05-13 15:45:16,031  INFO        Turn 2a — teacher CoT outline
2026-05-13 15:45:27,088  INFO        Turn 3a — auditor outline review
2026-05-13 15:45:40,314  INFO        Turn 2b — teacher content generation
2026-05-13 15:45:56,170  INFO          Content written → 3.1.1.md
2026-05-13 15:45:56,172  INFO        Turn 3b — auditor STM + summary file
2026-05-13 15:46:09,583  INFO          Summary written → 3.1.1.txt
2026-05-13 15:46:09,585  INFO        Turn 3c — auditor registry + concept index delta
2026-05-13 15:46:19,115  INFO      Subsection 3.1.1 complete.
2026-05-13 15:46:19,116  INFO      
============================================================
2026-05-13 15:46:19,116  INFO      [20/27] Subsection 3.1.2: Worked Example: Chemical Potential of an Ideal Gas and Ideal Solution
2026-05-13 15:46:19,116  INFO      ============================================================
2026-05-13 15:46:19,117  INFO        Turn 1 — teacher retrieval request
2026-05-13 15:46:21,259  INFO          Requested summaries:         ['1.1.3']
2026-05-13 15:46:21,260  INFO          Requested concept sections:  ['2.3']
2026-05-13 15:46:21,261  INFO        Turn 2a — teacher CoT outline
2026-05-13 15:46:35,081  INFO        Turn 3a — auditor outline review
2026-05-13 15:46:51,975  INFO        Turn 2b — teacher content generation
2026-05-13 15:47:09,797  INFO          Content written → 3.1.2.md
2026-05-13 15:47:09,797  INFO        Turn 3b — auditor STM + summary file
2026-05-13 15:47:25,255  INFO          Summary written → 3.1.2.txt
2026-05-13 15:47:25,256  INFO        Turn 3c — auditor registry + concept index delta
2026-05-13 15:47:41,136  WARNING   apply_delta: no <<SYMBOL>> entries found in delta
2026-05-13 15:47:41,137  WARNING   apply_delta: no <<CONCEPT>> entries found in delta
2026-05-13 15:47:41,138  INFO      Subsection 3.1.2 complete.
2026-05-13 15:47:41,138  INFO      
============================================================
2026-05-13 15:47:41,138  INFO      [21/27] Subsection 3.1.3: Equilibrium Conditions for Multicomponent, Multiphase Systems
2026-05-13 15:47:41,139  INFO      ============================================================
2026-05-13 15:47:41,139  INFO        Turn 1 — teacher retrieval request
2026-05-13 15:47:44,094  WARNING   _parse_retrieval_request: could not parse JSON — returning empty
2026-05-13 15:47:44,095  INFO          Requested summaries:         []
2026-05-13 15:47:44,095  INFO          Requested concept sections:  []
2026-05-13 15:47:44,096  INFO        Turn 2a — teacher CoT outline
2026-05-13 15:47:58,505  INFO        Turn 3a — auditor outline review
2026-05-13 15:48:13,589  INFO        Turn 2b — teacher content generation
2026-05-13 15:48:35,509  INFO          Content written → 3.1.3.md
2026-05-13 15:48:35,509  INFO        Turn 3b — auditor STM + summary file
2026-05-13 15:49:00,383  INFO          Summary written → 3.1.3.txt
2026-05-13 15:49:00,383  INFO        Turn 3c — auditor registry + concept index delta
2026-05-13 15:49:14,619  INFO      Subsection 3.1.3 complete.
2026-05-13 15:49:14,621  INFO      
============================================================
2026-05-13 15:49:14,621  INFO      [22/27] Subsection 3.2.1: Thermodynamics of First-Order Phase Transitions and the Clausius-Clapeyron Equation
2026-05-13 15:49:14,621  INFO      ============================================================
2026-05-13 15:49:14,621  INFO        Turn 1 — teacher retrieval request
2026-05-13 15:49:17,073  INFO          Requested summaries:         ['2.3.1']
2026-05-13 15:49:17,074  INFO          Requested concept sections:  ['3.1']
2026-05-13 15:49:17,074  INFO        Turn 2a — teacher CoT outline
2026-05-13 15:49:34,581  INFO        Turn 3a — auditor outline review
2026-05-13 15:49:52,345  INFO        Turn 2b — teacher content generation
2026-05-13 15:50:08,477  INFO          Content written → 3.2.1.md
2026-05-13 15:50:08,478  INFO        Turn 3b — auditor STM + summary file
2026-05-13 15:50:27,011  INFO          Summary written → 3.2.1.txt
2026-05-13 15:50:27,012  INFO        Turn 3c — auditor registry + concept index delta
2026-05-13 15:50:40,630  WARNING   apply_delta: no <<SYMBOL>> entries found in delta
2026-05-13 15:50:40,631  WARNING   apply_delta: no <<CONCEPT>> entries found in delta
2026-05-13 15:50:40,632  INFO      Subsection 3.2.1 complete.
2026-05-13 15:50:40,632  INFO      
============================================================
2026-05-13 15:50:40,633  INFO      [23/27] Subsection 3.2.2: Worked Example: Calculating the Boiling Point of Water at High Pressure using the Clausius-Clapeyron Relation
2026-05-13 15:50:40,633  INFO      ============================================================
2026-05-13 15:50:40,634  INFO        Turn 1 — teacher retrieval request
2026-05-13 15:50:41,446  INFO          Requested summaries:         []
2026-05-13 15:50:41,446  INFO          Requested concept sections:  []
2026-05-13 15:50:41,447  INFO        Turn 2a — teacher CoT outline
2026-05-13 15:50:53,137  INFO        Turn 3a — auditor outline review
2026-05-13 15:51:07,356  INFO        Turn 2b — teacher content generation
2026-05-13 15:51:23,636  INFO          Content written → 3.2.2.md
2026-05-13 15:51:23,636  INFO        Turn 3b — auditor STM + summary file
2026-05-13 15:51:41,965  INFO          Summary written → 3.2.2.txt
2026-05-13 15:51:41,967  INFO        Turn 3c — auditor registry + concept index delta
2026-05-13 15:51:52,000  WARNING   apply_delta: no <<SYMBOL>> entries found in delta
2026-05-13 15:51:52,002  WARNING   apply_delta: no <<CONCEPT>> entries found in delta
2026-05-13 15:51:52,002  INFO      Subsection 3.2.2 complete.
2026-05-13 15:51:52,002  INFO      
============================================================
2026-05-13 15:51:52,003  INFO      [24/27] Subsection 3.2.3: Exercise: Deriving the Clapeyron Equation for the Solid-Liquid Transition of Water and the Resulting Slope of the Melting Curve
2026-05-13 15:51:52,003  INFO      ============================================================
2026-05-13 15:51:52,004  INFO        Turn 1 — teacher retrieval request
2026-05-13 15:51:53,464  INFO          Requested summaries:         ['3.2.1']
2026-05-13 15:51:53,465  INFO          Requested concept sections:  []
2026-05-13 15:51:53,465  INFO        Turn 2a — teacher CoT outline
2026-05-13 15:52:08,484  INFO        Turn 3a — auditor outline review
2026-05-13 15:52:24,168  INFO        Turn 2b — teacher content generation
2026-05-13 15:52:44,024  INFO          Content written → 3.2.3.md
2026-05-13 15:52:44,025  INFO        Turn 3b — auditor STM + summary file
2026-05-13 15:53:03,684  INFO          Summary written → 3.2.3.txt
2026-05-13 15:53:03,686  INFO        Turn 3c — auditor registry + concept index delta
2026-05-13 15:53:13,306  WARNING   apply_delta: no <<SYMBOL>> entries found in delta
2026-05-13 15:53:13,307  WARNING   apply_delta: no <<CONCEPT>> entries found in delta
2026-05-13 15:53:13,307  INFO      Subsection 3.2.3 complete.
2026-05-13 15:53:13,309  INFO      
============================================================
2026-05-13 15:53:13,309  INFO      [25/27] Subsection 3.3.1: The Nernst Heat Theorem and the Statement of the Third Law of Thermodynamics
2026-05-13 15:53:13,309  INFO      ============================================================
2026-05-13 15:53:13,309  INFO        Turn 1 — teacher retrieval request
2026-05-13 15:53:15,052  INFO          Requested summaries:         ['2.1.1']
2026-05-13 15:53:15,052  INFO          Requested concept sections:  []
2026-05-13 15:53:15,053  INFO        Turn 2a — teacher CoT outline
2026-05-13 15:53:27,027  INFO        Turn 3a — auditor outline review
2026-05-13 15:53:40,029  INFO        Turn 2b — teacher content generation
2026-05-13 15:53:54,469  INFO          Content written → 3.3.1.md
2026-05-13 15:53:54,470  INFO        Turn 3b — auditor STM + summary file
2026-05-13 15:54:10,039  INFO          Summary written → 3.3.1.txt
2026-05-13 15:54:10,040  INFO        Turn 3c — auditor registry + concept index delta
2026-05-13 15:54:19,257  INFO      Subsection 3.3.1 complete.
2026-05-13 15:54:19,257  INFO      
============================================================
2026-05-13 15:54:19,258  INFO      [26/27] Subsection 3.3.2: Worked Example: Determining the Absolute Entropy of a Crystal using Low-Temperature Heat Capacity Integration
2026-05-13 15:54:19,258  INFO      ============================================================
2026-05-13 15:54:19,259  INFO        Turn 1 — teacher retrieval request
2026-05-13 15:54:20,171  INFO          Requested summaries:         []
2026-05-13 15:54:20,173  INFO          Requested concept sections:  []
2026-05-13 15:54:20,174  INFO        Turn 2a — teacher CoT outline
2026-05-13 15:54:35,117  INFO        Turn 3a — auditor outline review
2026-05-13 15:54:48,314  INFO        Turn 2b — teacher content generation
2026-05-13 15:55:07,481  INFO          Content written → 3.3.2.md
2026-05-13 15:55:07,482  INFO        Turn 3b — auditor STM + summary file
2026-05-13 15:55:19,663  INFO          Summary written → 3.3.2.txt
2026-05-13 15:55:19,665  INFO        Turn 3c — auditor registry + concept index delta
2026-05-13 15:55:26,532  INFO      Subsection 3.3.2 complete.
2026-05-13 15:55:26,533  INFO      
============================================================
2026-05-13 15:55:26,533  INFO      [27/27] Subsection 3.3.3: Exercise: Analyzing the Behavior of Heat Capacities as T approaches Zero to Ensure Finite Entropy
2026-05-13 15:55:26,533  INFO      ============================================================
2026-05-13 15:55:26,534  INFO        Turn 1 — teacher retrieval request
2026-05-13 15:55:28,161  INFO          Requested summaries:         ['3.3.1']
2026-05-13 15:55:28,162  INFO          Requested concept sections:  []
2026-05-13 15:55:28,162  INFO        Turn 2a — teacher CoT outline
2026-05-13 15:55:38,753  INFO        Turn 3a — auditor outline review
2026-05-13 15:55:52,328  INFO        Turn 2b — teacher content generation
2026-05-13 15:56:12,090  INFO          Content written → 3.3.3.md
2026-05-13 15:56:12,091  INFO        Turn 3b — auditor STM + summary file
2026-05-13 15:56:23,767  INFO          Summary written → 3.3.3.txt
2026-05-13 15:56:23,769  INFO        Turn 3c — auditor registry + concept index delta
2026-05-13 15:56:28,026  INFO      Subsection 3.3.3 complete.
2026-05-13 15:56:28,027  INFO      Pipeline complete.
